<?xml version="1.0" encoding="UTF-8"?>
<!-- Generated by org.testng.reporters.JUnitReportReporter -->
<testsuite hostname="DESKTOP-KUA3J90" failures="0" tests="1" name="testng.Subscription" time="4.208" errors="0" timestamp="2021-07-11T19:28:45 IST" skipped="0">
  <testcase classname="testng.Subscription" name="getSubscription" time="4.208"/>
  <system-out/>
</testsuite> <!-- testng.Subscription -->
